{"timestamp":"2025-12-05T07:09:38.010369Z","level":"info","event":"DAG bundles loaded: dags-folder, example_dags","logger":"airflow.dag_processing.bundles.manager.DagBundlesManager","filename":"manager.py","lineno":179}
{"timestamp":"2025-12-05T07:09:38.012278Z","level":"info","event":"Filling up the DagBag from /opt/airflow/dags/banking_etl_dag.py","logger":"airflow.models.dagbag.DagBag","filename":"dagbag.py","lineno":593}
{"timestamp":"2025-12-05T07:09:38.093550Z","level":"warning","event":"The `airflow.operators.python.PythonOperator` attribute is deprecated. Please use `'airflow.providers.standard.operators.python.PythonOperator'`.","category":"DeprecatedImportWarning","filename":"/opt/airflow/dags/banking_etl_dag.py","lineno":2,"logger":"py.warnings"}
{"timestamp":"2025-12-05T07:09:38.093831Z","level":"warning","event":"The `airflow.operators.bash.BashOperator` attribute is deprecated. Please use `'airflow.providers.standard.operators.bash.BashOperator'`.","category":"DeprecatedImportWarning","filename":"/opt/airflow/dags/banking_etl_dag.py","lineno":3,"logger":"py.warnings"}
{"timestamp":"2025-12-05T07:09:38.120326Z","level":"info","event":"Task instance is in running state","logger":"task.stdout"}
{"timestamp":"2025-12-05T07:09:38.120948Z","level":"info","event":" Previous state of the Task instance: TaskInstanceState.QUEUED","logger":"task.stdout"}
{"timestamp":"2025-12-05T07:09:38.121473Z","level":"info","event":"Current task name:run_dbt_transform","logger":"task.stdout"}
{"timestamp":"2025-12-05T07:09:38.121855Z","level":"info","event":"Dag name:banking_etl_dag","logger":"task.stdout"}
{"timestamp":"2025-12-05T07:09:38.121531Z","level":"info","event":"Tmp dir root location: /tmp","logger":"airflow.task.hooks.airflow.providers.standard.hooks.subprocess.SubprocessHook","filename":"subprocess.py","lineno":78}
{"timestamp":"2025-12-05T07:09:38.122882Z","level":"info","event":"Running command: ['/usr/bin/bash', '-c', 'cd /opt/airflow/dbt && dbt run']","logger":"airflow.task.hooks.airflow.providers.standard.hooks.subprocess.SubprocessHook","filename":"subprocess.py","lineno":88}
{"timestamp":"2025-12-05T07:09:38.139128Z","level":"info","event":"Output:","logger":"airflow.task.hooks.airflow.providers.standard.hooks.subprocess.SubprocessHook","filename":"subprocess.py","lineno":99}
{"timestamp":"2025-12-05T07:09:40.807464Z","level":"info","event":"\u001b[0m07:09:40  Running with dbt=1.10.15","logger":"airflow.task.hooks.airflow.providers.standard.hooks.subprocess.SubprocessHook","filename":"subprocess.py","lineno":106}
{"timestamp":"2025-12-05T07:09:41.152986Z","level":"info","event":"\u001b[0m07:09:41  Registered adapter: duckdb=1.10.0","logger":"airflow.task.hooks.airflow.providers.standard.hooks.subprocess.SubprocessHook","filename":"subprocess.py","lineno":106}
{"timestamp":"2025-12-05T07:09:41.269932Z","level":"info","event":"\u001b[0m07:09:41  Unable to do partial parsing because saved manifest not found. Starting full parse.","logger":"airflow.task.hooks.airflow.providers.standard.hooks.subprocess.SubprocessHook","filename":"subprocess.py","lineno":106}
{"timestamp":"2025-12-05T07:09:42.200089Z","level":"info","event":"\u001b[0m07:09:42  [\u001b[33mWARNING\u001b[0m]: Configuration paths exist in your dbt_project.yml file which do not apply to any resources.","logger":"airflow.task.hooks.airflow.providers.standard.hooks.subprocess.SubprocessHook","filename":"subprocess.py","lineno":106}
{"timestamp":"2025-12-05T07:09:42.200319Z","level":"info","event":"There are 4 unused configuration paths:","logger":"airflow.task.hooks.airflow.providers.standard.hooks.subprocess.SubprocessHook","filename":"subprocess.py","lineno":106}
{"timestamp":"2025-12-05T07:09:42.200431Z","level":"info","event":"- models.banking_dw","logger":"airflow.task.hooks.airflow.providers.standard.hooks.subprocess.SubprocessHook","filename":"subprocess.py","lineno":106}
{"timestamp":"2025-12-05T07:09:42.200516Z","level":"info","event":"- models.banking_dw.marts","logger":"airflow.task.hooks.airflow.providers.standard.hooks.subprocess.SubprocessHook","filename":"subprocess.py","lineno":106}
{"timestamp":"2025-12-05T07:09:42.200599Z","level":"info","event":"- models.banking_dw.staging","logger":"airflow.task.hooks.airflow.providers.standard.hooks.subprocess.SubprocessHook","filename":"subprocess.py","lineno":106}
{"timestamp":"2025-12-05T07:09:42.200663Z","level":"info","event":"- models.banking_dw.intermediate","logger":"airflow.task.hooks.airflow.providers.standard.hooks.subprocess.SubprocessHook","filename":"subprocess.py","lineno":106}
{"timestamp":"2025-12-05T07:09:42.360427Z","level":"info","event":"\u001b[0m07:09:42  Found 468 macros","logger":"airflow.task.hooks.airflow.providers.standard.hooks.subprocess.SubprocessHook","filename":"subprocess.py","lineno":106}
{"timestamp":"2025-12-05T07:09:42.364255Z","level":"info","event":"\u001b[0m07:09:42  Nothing to do. Try checking your model configs and model specification args","logger":"airflow.task.hooks.airflow.providers.standard.hooks.subprocess.SubprocessHook","filename":"subprocess.py","lineno":106}
{"timestamp":"2025-12-05T07:09:43.971375Z","level":"info","event":"Command exited with return code 0","logger":"airflow.task.hooks.airflow.providers.standard.hooks.subprocess.SubprocessHook","filename":"subprocess.py","lineno":110}
{"timestamp":"2025-12-05T07:09:43.972194Z","level":"info","event":"Pushing xcom","ti":"RuntimeTaskInstance(id=UUID('019aed53-b416-7136-84fc-63eea1392a85'), task_id='run_dbt_transform', dag_id='banking_etl_dag', run_id='manual__2025-12-05T07:03:21+00:00', try_number=2, dag_version_id=UUID('019aed53-a29a-7cde-b498-0f7b6b3a3fa0'), map_index=-1, hostname='17034228f138', context_carrier={}, task=<Task(BashOperator): run_dbt_transform>, bundle_instance=LocalDagBundle(name=dags-folder), max_tries=1, start_date=datetime.datetime(2025, 12, 5, 7, 9, 37, 500068, tzinfo=datetime.timezone.utc), end_date=None, state=<TaskInstanceState.RUNNING: 'running'>, is_mapped=False, rendered_map_index=None)","logger":"task","filename":"task_runner.py","lineno":1360}
{"timestamp":"2025-12-05T07:09:44.045212Z","level":"info","event":"Task instance in success state","logger":"task.stdout"}
{"timestamp":"2025-12-05T07:09:44.045827Z","level":"info","event":" Previous state of the Task instance: TaskInstanceState.RUNNING","logger":"task.stdout"}
{"timestamp":"2025-12-05T07:09:44.047921Z","level":"info","event":"Task operator:<Task(BashOperator): run_dbt_transform>","logger":"task.stdout"}
