[0m16:58:22.984650 [debug] [MainThread]: Sending event: {'category': 'dbt', 'action': 'invocation', 'label': 'start', 'context': [<snowplow_tracker.self_describing_json.SelfDescribingJson object at 0x0000026F2AEBF0D0>, <snowplow_tracker.self_describing_json.SelfDescribingJson object at 0x0000026F2B177F90>, <snowplow_tracker.self_describing_json.SelfDescribingJson object at 0x0000026F2B176BD0>]}


============================== 16:58:23.004805 | e4938769-f54f-4fac-aa05-8e04e7a9daa1 ==============================
[0m16:58:23.004805 [info ] [MainThread]: Running with dbt=1.10.15
[0m16:58:23.004805 [debug] [MainThread]: running dbt with arguments {'cache_selected_only': 'False', 'target_path': 'None', 'profiles_dir': 'C:\\Users\\sindri.fera\\.dbt', 'invocation_command': 'dbt run', 'no_print': 'None', 'warn_error': 'None', 'log_path': 'logs', 'partial_parse': 'True', 'indirect_selection': 'eager', 'send_anonymous_usage_stats': 'True', 'static_parser': 'True', 'warn_error_options': 'WarnErrorOptionsV2(error=[], warn=[], silence=[])', 'fail_fast': 'False', 'version_check': 'True', 'use_experimental_parser': 'False', 'introspect': 'True', 'quiet': 'False', 'empty': 'False', 'log_cache_events': 'False', 'debug': 'False', 'log_format': 'default', 'use_colors': 'True', 'printer_width': '80', 'write_json': 'True'}
[0m16:58:23.004805 [error] [MainThread]: Encountered an error:
Runtime Error
  No dbt_project.yml found at expected path C:\Users\sindri.fera\Documents\banking-dwh-dbt-airflow-sindri_kusuma\dbt_project.yml
  Verify that each entry within packages.yml (and their transitive dependencies) contains a file named dbt_project.yml
  
[0m16:58:23.004805 [debug] [MainThread]: Command `dbt run` failed at 16:58:23.004805 after 0.14 seconds
[0m16:58:23.004805 [debug] [MainThread]: Sending event: {'category': 'dbt', 'action': 'invocation', 'label': 'end', 'context': [<snowplow_tracker.self_describing_json.SelfDescribingJson object at 0x0000026F2AEBF250>, <snowplow_tracker.self_describing_json.SelfDescribingJson object at 0x0000026F2AEBF150>, <snowplow_tracker.self_describing_json.SelfDescribingJson object at 0x0000026F2B10B650>]}
[0m16:58:23.004805 [debug] [MainThread]: Flushing usage events
[0m16:58:24.447842 [debug] [MainThread]: An error was encountered while trying to flush usage events
[0m17:03:31.592774 [debug] [MainThread]: Sending event: {'category': 'dbt', 'action': 'invocation', 'label': 'start', 'context': [<snowplow_tracker.self_describing_json.SelfDescribingJson object at 0x000001DB98211A50>, <snowplow_tracker.self_describing_json.SelfDescribingJson object at 0x000001DB98213650>, <snowplow_tracker.self_describing_json.SelfDescribingJson object at 0x000001DB98211B10>]}


============================== 17:03:31.600127 | 3b30cb8c-4d8d-4584-a159-b0c2e9564634 ==============================
[0m17:03:31.600127 [info ] [MainThread]: Running with dbt=1.10.15
[0m17:03:31.600127 [debug] [MainThread]: running dbt with arguments {'invocation_command': 'dbt init banking_dw', 'log_format': 'default', 'cache_selected_only': 'False', 'write_json': 'True', 'no_print': 'None', 'warn_error': 'None', 'static_parser': 'True', 'partial_parse': 'True', 'log_path': 'logs', 'send_anonymous_usage_stats': 'True', 'indirect_selection': 'eager', 'warn_error_options': 'WarnErrorOptionsV2(error=[], warn=[], silence=[])', 'fail_fast': 'False', 'version_check': 'True', 'use_experimental_parser': 'False', 'introspect': 'True', 'quiet': 'False', 'empty': 'None', 'log_cache_events': 'False', 'debug': 'False', 'profiles_dir': 'C:\\Users\\sindri.fera\\.dbt', 'use_colors': 'True', 'printer_width': '80', 'target_path': 'None'}
[0m17:03:31.681823 [debug] [MainThread]: Starter project path: C:\Users\sindri.fera\AppData\Local\Programs\Python\Python311\Lib\site-packages\dbt\include\starter_project
[0m17:03:31.850472 [info ] [MainThread]: 
Your new dbt project "banking_dw" was created!

For more information on how to configure the profiles.yml file,
please consult the dbt documentation here:

  https://docs.getdbt.com/docs/configure-your-profile

One more thing:

Need help? Don't hesitate to reach out to us via GitHub issues or on Slack:

  https://community.getdbt.com/

Happy modeling!

[0m17:03:31.852497 [info ] [MainThread]: Setting up your profile.
[0m17:03:44.191731 [debug] [MainThread]: Command `dbt init` succeeded at 17:03:44.191370 after 12.71 seconds
[0m17:03:44.191731 [debug] [MainThread]: Sending event: {'category': 'dbt', 'action': 'invocation', 'label': 'end', 'context': [<snowplow_tracker.self_describing_json.SelfDescribingJson object at 0x000001DB98211DD0>, <snowplow_tracker.self_describing_json.SelfDescribingJson object at 0x000001DB909C2610>, <snowplow_tracker.self_describing_json.SelfDescribingJson object at 0x000001DB909C3190>]}
[0m17:03:44.191731 [debug] [MainThread]: Flushing usage events
[0m17:03:46.218802 [debug] [MainThread]: An error was encountered while trying to flush usage events
