{"timestamp":"2025-12-05T07:09:46.224213Z","level":"info","event":"DAG bundles loaded: dags-folder, example_dags","logger":"airflow.dag_processing.bundles.manager.DagBundlesManager","filename":"manager.py","lineno":179}
{"timestamp":"2025-12-05T07:09:46.225383Z","level":"info","event":"Filling up the DagBag from /opt/airflow/dags/banking_etl_dag.py","logger":"airflow.models.dagbag.DagBag","filename":"dagbag.py","lineno":593}
{"timestamp":"2025-12-05T07:09:46.281903Z","level":"warning","event":"The `airflow.operators.python.PythonOperator` attribute is deprecated. Please use `'airflow.providers.standard.operators.python.PythonOperator'`.","category":"DeprecatedImportWarning","filename":"/opt/airflow/dags/banking_etl_dag.py","lineno":2,"logger":"py.warnings"}
{"timestamp":"2025-12-05T07:09:46.282069Z","level":"warning","event":"The `airflow.operators.bash.BashOperator` attribute is deprecated. Please use `'airflow.providers.standard.operators.bash.BashOperator'`.","category":"DeprecatedImportWarning","filename":"/opt/airflow/dags/banking_etl_dag.py","lineno":3,"logger":"py.warnings"}
{"timestamp":"2025-12-05T07:09:46.303455Z","level":"info","event":"Task instance is in running state","logger":"task.stdout"}
{"timestamp":"2025-12-05T07:09:46.304064Z","level":"info","event":" Previous state of the Task instance: TaskInstanceState.QUEUED","logger":"task.stdout"}
{"timestamp":"2025-12-05T07:09:46.304548Z","level":"info","event":"Current task name:run_dbt_transform","logger":"task.stdout"}
{"timestamp":"2025-12-05T07:09:46.304900Z","level":"info","event":"Dag name:banking_etl_dag","logger":"task.stdout"}
{"timestamp":"2025-12-05T07:09:46.304119Z","level":"info","event":"Tmp dir root location: /tmp","logger":"airflow.task.hooks.airflow.providers.standard.hooks.subprocess.SubprocessHook","filename":"subprocess.py","lineno":78}
{"timestamp":"2025-12-05T07:09:46.305079Z","level":"info","event":"Running command: ['/usr/bin/bash', '-c', 'cd /opt/airflow/dbt && dbt run']","logger":"airflow.task.hooks.airflow.providers.standard.hooks.subprocess.SubprocessHook","filename":"subprocess.py","lineno":88}
{"timestamp":"2025-12-05T07:09:46.316239Z","level":"info","event":"Output:","logger":"airflow.task.hooks.airflow.providers.standard.hooks.subprocess.SubprocessHook","filename":"subprocess.py","lineno":99}
{"timestamp":"2025-12-05T07:09:48.664966Z","level":"info","event":"\u001b[0m07:09:48  Running with dbt=1.10.15","logger":"airflow.task.hooks.airflow.providers.standard.hooks.subprocess.SubprocessHook","filename":"subprocess.py","lineno":106}
{"timestamp":"2025-12-05T07:09:49.035345Z","level":"info","event":"\u001b[0m07:09:49  Registered adapter: duckdb=1.10.0","logger":"airflow.task.hooks.airflow.providers.standard.hooks.subprocess.SubprocessHook","filename":"subprocess.py","lineno":106}
{"timestamp":"2025-12-05T07:09:49.256331Z","level":"info","event":"\u001b[0m07:09:49  [\u001b[33mWARNING\u001b[0m]: Configuration paths exist in your dbt_project.yml file which do not apply to any resources.","logger":"airflow.task.hooks.airflow.providers.standard.hooks.subprocess.SubprocessHook","filename":"subprocess.py","lineno":106}
{"timestamp":"2025-12-05T07:09:49.256592Z","level":"info","event":"There are 4 unused configuration paths:","logger":"airflow.task.hooks.airflow.providers.standard.hooks.subprocess.SubprocessHook","filename":"subprocess.py","lineno":106}
{"timestamp":"2025-12-05T07:09:49.256728Z","level":"info","event":"- models.banking_dw.marts","logger":"airflow.task.hooks.airflow.providers.standard.hooks.subprocess.SubprocessHook","filename":"subprocess.py","lineno":106}
{"timestamp":"2025-12-05T07:09:49.256820Z","level":"info","event":"- models.banking_dw.intermediate","logger":"airflow.task.hooks.airflow.providers.standard.hooks.subprocess.SubprocessHook","filename":"subprocess.py","lineno":106}
{"timestamp":"2025-12-05T07:09:49.256914Z","level":"info","event":"- models.banking_dw","logger":"airflow.task.hooks.airflow.providers.standard.hooks.subprocess.SubprocessHook","filename":"subprocess.py","lineno":106}
{"timestamp":"2025-12-05T07:09:49.257015Z","level":"info","event":"- models.banking_dw.staging","logger":"airflow.task.hooks.airflow.providers.standard.hooks.subprocess.SubprocessHook","filename":"subprocess.py","lineno":106}
{"timestamp":"2025-12-05T07:09:49.424337Z","level":"info","event":"\u001b[0m07:09:49  Found 468 macros","logger":"airflow.task.hooks.airflow.providers.standard.hooks.subprocess.SubprocessHook","filename":"subprocess.py","lineno":106}
{"timestamp":"2025-12-05T07:09:49.426750Z","level":"info","event":"\u001b[0m07:09:49  Nothing to do. Try checking your model configs and model specification args","logger":"airflow.task.hooks.airflow.providers.standard.hooks.subprocess.SubprocessHook","filename":"subprocess.py","lineno":106}
{"timestamp":"2025-12-05T07:09:51.069785Z","level":"info","event":"Command exited with return code 0","logger":"airflow.task.hooks.airflow.providers.standard.hooks.subprocess.SubprocessHook","filename":"subprocess.py","lineno":110}
{"timestamp":"2025-12-05T07:09:51.071259Z","level":"info","event":"Pushing xcom","ti":"RuntimeTaskInstance(id=UUID('019aed53-d214-7928-b9c4-7eea45c6f47e'), task_id='run_dbt_transform', dag_id='banking_etl_dag', run_id='manual__2025-12-05T07:04:38+00:00', try_number=2, dag_version_id=UUID('019aed53-a29a-7cde-b498-0f7b6b3a3fa0'), map_index=-1, hostname='17034228f138', context_carrier={}, task=<Task(BashOperator): run_dbt_transform>, bundle_instance=LocalDagBundle(name=dags-folder), max_tries=1, start_date=datetime.datetime(2025, 12, 5, 7, 9, 45, 875155, tzinfo=datetime.timezone.utc), end_date=None, state=<TaskInstanceState.RUNNING: 'running'>, is_mapped=False, rendered_map_index=None)","logger":"task","filename":"task_runner.py","lineno":1360}
{"timestamp":"2025-12-05T07:09:51.104630Z","level":"info","event":"Task instance in success state","logger":"task.stdout"}
{"timestamp":"2025-12-05T07:09:51.105482Z","level":"info","event":" Previous state of the Task instance: TaskInstanceState.RUNNING","logger":"task.stdout"}
{"timestamp":"2025-12-05T07:09:51.106016Z","level":"info","event":"Task operator:<Task(BashOperator): run_dbt_transform>","logger":"task.stdout"}
