{"timestamp":"2025-12-05T07:13:12.850371Z","level":"info","event":"DAG bundles loaded: dags-folder, example_dags","logger":"airflow.dag_processing.bundles.manager.DagBundlesManager","filename":"manager.py","lineno":179}
{"timestamp":"2025-12-05T07:13:12.853840Z","level":"info","event":"Filling up the DagBag from /opt/airflow/dags/banking_etl_dag.py","logger":"airflow.models.dagbag.DagBag","filename":"dagbag.py","lineno":593}
{"timestamp":"2025-12-05T07:13:12.945508Z","level":"warning","event":"The `airflow.operators.python.PythonOperator` attribute is deprecated. Please use `'airflow.providers.standard.operators.python.PythonOperator'`.","category":"DeprecatedImportWarning","filename":"/opt/airflow/dags/banking_etl_dag.py","lineno":2,"logger":"py.warnings"}
{"timestamp":"2025-12-05T07:13:12.945774Z","level":"warning","event":"The `airflow.operators.bash.BashOperator` attribute is deprecated. Please use `'airflow.providers.standard.operators.bash.BashOperator'`.","category":"DeprecatedImportWarning","filename":"/opt/airflow/dags/banking_etl_dag.py","lineno":3,"logger":"py.warnings"}
{"timestamp":"2025-12-05T07:13:12.974350Z","level":"info","event":"Task instance is in running state","logger":"task.stdout"}
{"timestamp":"2025-12-05T07:13:12.974907Z","level":"info","event":" Previous state of the Task instance: TaskInstanceState.QUEUED","logger":"task.stdout"}
{"timestamp":"2025-12-05T07:13:12.975372Z","level":"info","event":"Current task name:run_dbt_transform","logger":"task.stdout"}
{"timestamp":"2025-12-05T07:13:12.975757Z","level":"info","event":"Dag name:banking_etl_dag","logger":"task.stdout"}
{"timestamp":"2025-12-05T07:13:12.975124Z","level":"info","event":"Tmp dir root location: /tmp","logger":"airflow.task.hooks.airflow.providers.standard.hooks.subprocess.SubprocessHook","filename":"subprocess.py","lineno":78}
{"timestamp":"2025-12-05T07:13:12.976090Z","level":"info","event":"Running command: ['/usr/bin/bash', '-c', 'cd /opt/airflow/dbt && dbt run']","logger":"airflow.task.hooks.airflow.providers.standard.hooks.subprocess.SubprocessHook","filename":"subprocess.py","lineno":88}
{"timestamp":"2025-12-05T07:13:12.992543Z","level":"info","event":"Output:","logger":"airflow.task.hooks.airflow.providers.standard.hooks.subprocess.SubprocessHook","filename":"subprocess.py","lineno":99}
{"timestamp":"2025-12-05T07:13:15.258690Z","level":"info","event":"\u001b[0m07:13:15  Running with dbt=1.10.15","logger":"airflow.task.hooks.airflow.providers.standard.hooks.subprocess.SubprocessHook","filename":"subprocess.py","lineno":106}
{"timestamp":"2025-12-05T07:13:15.601711Z","level":"info","event":"\u001b[0m07:13:15  Registered adapter: duckdb=1.10.0","logger":"airflow.task.hooks.airflow.providers.standard.hooks.subprocess.SubprocessHook","filename":"subprocess.py","lineno":106}
{"timestamp":"2025-12-05T07:13:15.794676Z","level":"info","event":"\u001b[0m07:13:15  [\u001b[33mWARNING\u001b[0m]: Configuration paths exist in your dbt_project.yml file which do not apply to any resources.","logger":"airflow.task.hooks.airflow.providers.standard.hooks.subprocess.SubprocessHook","filename":"subprocess.py","lineno":106}
{"timestamp":"2025-12-05T07:13:15.794916Z","level":"info","event":"There are 4 unused configuration paths:","logger":"airflow.task.hooks.airflow.providers.standard.hooks.subprocess.SubprocessHook","filename":"subprocess.py","lineno":106}
{"timestamp":"2025-12-05T07:13:15.795015Z","level":"info","event":"- models.banking_dw.staging","logger":"airflow.task.hooks.airflow.providers.standard.hooks.subprocess.SubprocessHook","filename":"subprocess.py","lineno":106}
{"timestamp":"2025-12-05T07:13:15.795098Z","level":"info","event":"- models.banking_dw.marts","logger":"airflow.task.hooks.airflow.providers.standard.hooks.subprocess.SubprocessHook","filename":"subprocess.py","lineno":106}
{"timestamp":"2025-12-05T07:13:15.795180Z","level":"info","event":"- models.banking_dw","logger":"airflow.task.hooks.airflow.providers.standard.hooks.subprocess.SubprocessHook","filename":"subprocess.py","lineno":106}
{"timestamp":"2025-12-05T07:13:15.795277Z","level":"info","event":"- models.banking_dw.intermediate","logger":"airflow.task.hooks.airflow.providers.standard.hooks.subprocess.SubprocessHook","filename":"subprocess.py","lineno":106}
{"timestamp":"2025-12-05T07:13:15.961008Z","level":"info","event":"\u001b[0m07:13:15  Found 468 macros","logger":"airflow.task.hooks.airflow.providers.standard.hooks.subprocess.SubprocessHook","filename":"subprocess.py","lineno":106}
{"timestamp":"2025-12-05T07:13:15.964390Z","level":"info","event":"\u001b[0m07:13:15  Nothing to do. Try checking your model configs and model specification args","logger":"airflow.task.hooks.airflow.providers.standard.hooks.subprocess.SubprocessHook","filename":"subprocess.py","lineno":106}
{"timestamp":"2025-12-05T07:13:17.525171Z","level":"info","event":"Command exited with return code 0","logger":"airflow.task.hooks.airflow.providers.standard.hooks.subprocess.SubprocessHook","filename":"subprocess.py","lineno":110}
{"timestamp":"2025-12-05T07:13:17.526679Z","level":"info","event":"Pushing xcom","ti":"RuntimeTaskInstance(id=UUID('019aed56-f6cf-7fe7-b8c8-c0ef334b3183'), task_id='run_dbt_transform', dag_id='banking_etl_dag', run_id='manual__2025-12-05T07:08:02+00:00', try_number=2, dag_version_id=UUID('019aed5b-1f42-7c5d-8997-135f285cfcf0'), map_index=-1, hostname='17034228f138', context_carrier={}, task=<Task(BashOperator): run_dbt_transform>, bundle_instance=LocalDagBundle(name=dags-folder), max_tries=1, start_date=datetime.datetime(2025, 12, 5, 7, 13, 11, 976438, tzinfo=datetime.timezone.utc), end_date=None, state=<TaskInstanceState.RUNNING: 'running'>, is_mapped=False, rendered_map_index=None)","logger":"task","filename":"task_runner.py","lineno":1360}
{"timestamp":"2025-12-05T07:13:17.565507Z","level":"info","event":"Task instance in success state","logger":"task.stdout"}
{"timestamp":"2025-12-05T07:13:17.566081Z","level":"info","event":" Previous state of the Task instance: TaskInstanceState.RUNNING","logger":"task.stdout"}
{"timestamp":"2025-12-05T07:13:17.566911Z","level":"info","event":"Task operator:<Task(BashOperator): run_dbt_transform>","logger":"task.stdout"}
